<?xml version="1.0" encoding="UTF-8"?>
<!-- Generated by org.testng.reporters.JUnitReportReporter -->
<testsuite hostname="DESKTOP-MEGCP4U" name="review_GB_NC_main.PO_AuthorizationGB" tests="2" failures="0" timestamp="10 Jan 2022 12:56:03 GMT" time="79.306" errors="0">
  <testcase name="authorize_PO" time="23.663" classname="review_GB_NC_main.PO_AuthorizationGB"/>
  <testcase name="PO_Login" time="55.643" classname="review_GB_NC_main.PO_AuthorizationGB"/>
</testsuite> <!-- review_GB_NC_main.PO_AuthorizationGB -->
