<?xml version="1.0" encoding="UTF-8"?>
<!-- Generated by org.testng.reporters.JUnitReportReporter -->
<testsuite hostname="DESKTOP-MEGCP4U" name="review_GB_NC_main.SB_Auth_GB" tests="3" failures="0" timestamp="10 Jan 2022 07:01:26 GMT" time="66.441" errors="0">
  <testcase name="SB_Details" time="8.151" classname="review_GB_NC_main.SB_Auth_GB"/>
  <testcase name="SB_auth" time="3.172" classname="review_GB_NC_main.SB_Auth_GB"/>
  <testcase name="SB_login" time="55.118" classname="review_GB_NC_main.SB_Auth_GB"/>
</testsuite> <!-- review_GB_NC_main.SB_Auth_GB -->
