<?xml version="1.0" encoding="UTF-8"?>
<!-- Generated by org.testng.reporters.JUnitReportReporter -->
<testsuite hostname="DESKTOP-MEGCP4U" name="review_GB_NC_main.CreateRequest_GB" tests="10" failures="0" timestamp="6 Jan 2022 13:02:22 GMT" time="84.420" errors="0">
  <testcase name="select_jrss" time="4.318" classname="review_GB_NC_main.CreateRequest_GB"/>
  <testcase name="skill_price" time="9.015" classname="review_GB_NC_main.CreateRequest_GB"/>
  <testcase name="skill_Req" time="1.743" classname="review_GB_NC_main.CreateRequest_GB"/>
  <testcase name="select_Req" time="7.715" classname="review_GB_NC_main.CreateRequest_GB"/>
  <testcase name="RIPC_Login" time="4.482" classname="review_GB_NC_main.CreateRequest_GB"/>
  <testcase name="skill_loc" time="8.021" classname="review_GB_NC_main.CreateRequest_GB"/>
  <testcase name="Create_Req" time="11.909" classname="review_GB_NC_main.CreateRequest_GB"/>
  <testcase name="req_detail" time="14.535" classname="review_GB_NC_main.CreateRequest_GB"/>
  <testcase name="alert_check" time="0.006" classname="review_GB_NC_main.CreateRequest_GB"/>
  <testcase name="supp" time="22.676" classname="review_GB_NC_main.CreateRequest_GB"/>
</testsuite> <!-- review_GB_NC_main.CreateRequest_GB -->
