<?xml version="1.0" encoding="UTF-8"?>
<!-- Generated by org.testng.reporters.JUnitReportReporter -->
<testsuite hostname="DESKTOP-MEGCP4U" name="review_IN_NC_main.PO_Authorization_IN" tests="2" failures="0" timestamp="10 Jan 2022 12:54:10 GMT" time="72.992" errors="0">
  <testcase name="PO_Login" time="55.082" classname="review_IN_NC_main.PO_Authorization_IN"/>
  <testcase name="authorize_PO" time="17.910" classname="review_IN_NC_main.PO_Authorization_IN"/>
</testsuite> <!-- review_IN_NC_main.PO_Authorization_IN -->
