<?xml version="1.0" encoding="UTF-8"?>
<!-- Generated by org.testng.reporters.JUnitReportReporter -->
<testsuite hostname="DESKTOP-MEGCP4U" name="review_US_NC_main.PO_Authorization" tests="2" failures="0" timestamp="11 Jan 2022 11:32:55 GMT" time="92.360" errors="0">
  <testcase name="PO_Login" time="55.614" classname="review_US_NC_main.PO_Authorization"/>
  <testcase name="authorize_PO" time="36.746" classname="review_US_NC_main.PO_Authorization"/>
</testsuite> <!-- review_US_NC_main.PO_Authorization -->
