<?xml version="1.0" encoding="UTF-8"?>
<!-- Generated by org.testng.reporters.JUnitReportReporter -->
<testsuite hostname="DESKTOP-MEGCP4U" name="review_GB_NC_main.CRB_Auth_GB" tests="2" failures="0" timestamp="10 Jan 2022 07:36:43 GMT" time="74.069" errors="0">
  <testcase name="CRB_Wlcmpage" time="55.609" classname="review_GB_NC_main.CRB_Auth_GB"/>
  <testcase name="CRB_auth" time="18.460" classname="review_GB_NC_main.CRB_Auth_GB"/>
</testsuite> <!-- review_GB_NC_main.CRB_Auth_GB -->
