<?xml version="1.0" encoding="UTF-8"?>
<!-- Generated by org.testng.reporters.JUnitReportReporter -->
<testsuite hostname="DESKTOP-MEGCP4U" name="review_IN_NC_main.CRB_AuthIN" tests="2" failures="0" timestamp="10 Jan 2022 12:39:35 GMT" time="76.848" errors="0">
  <testcase name="CRB_auth" time="21.240" classname="review_IN_NC_main.CRB_AuthIN"/>
  <testcase name="CRB_Wlcmpage" time="55.608" classname="review_IN_NC_main.CRB_AuthIN"/>
</testsuite> <!-- review_IN_NC_main.CRB_AuthIN -->
