<?xml version="1.0" encoding="UTF-8"?>
<!-- Generated by org.testng.reporters.JUnitReportReporter -->
<testsuite hostname="DESKTOP-MEGCP4U" name="review_US_NC_main.SB_Auth" tests="3" failures="0" timestamp="11 Jan 2022 06:28:28 GMT" time="65.755" errors="0">
  <testcase name="SB_Details" time="7.499" classname="review_US_NC_main.SB_Auth"/>
  <testcase name="SB_login" time="55.299" classname="review_US_NC_main.SB_Auth"/>
  <testcase name="SB_auth" time="2.957" classname="review_US_NC_main.SB_Auth"/>
</testsuite> <!-- review_US_NC_main.SB_Auth -->
