<?xml version="1.0" encoding="UTF-8"?>
<!-- Generated by org.testng.reporters.JUnitReportReporter -->
<testsuite hostname="DESKTOP-MEGCP4U" name="review_US_NC_main.CRB_Auth" tests="2" failures="0" timestamp="11 Jan 2022 07:01:01 GMT" time="70.446" errors="0">
  <testcase name="CRB_login" time="55.004" classname="review_US_NC_main.CRB_Auth"/>
  <testcase name="CRB_auth" time="15.442" classname="review_US_NC_main.CRB_Auth"/>
</testsuite> <!-- review_US_NC_main.CRB_Auth -->
