<?xml version="1.0" encoding="UTF-8"?>
<!-- Generated by org.testng.reporters.JUnitReportReporter -->
<testsuite hostname="DESKTOP-MEGCP4U" name="review_IN_NC_main.ENC_Auth_IN" tests="3" failures="0" timestamp="10 Jan 2022 11:12:41 GMT" time="77.447" errors="0">
  <testcase name="ENC_Wlcmpage" time="55.860" classname="review_IN_NC_main.ENC_Auth_IN"/>
  <testcase name="ENC_reqopen" time="11.847" classname="review_IN_NC_main.ENC_Auth_IN"/>
  <testcase name="ENC_auth" time="9.740" classname="review_IN_NC_main.ENC_Auth_IN"/>
</testsuite> <!-- review_IN_NC_main.ENC_Auth_IN -->
