<?xml version="1.0" encoding="UTF-8"?>
<!-- Generated by org.testng.reporters.JUnitReportReporter -->
<testsuite hostname="DESKTOP-MEGCP4U" name="review_IN_NC_main.CreateRequest_IN" tests="10" failures="0" timestamp="10 Jan 2022 10:00:00 GMT" time="107.312" errors="0">
  <testcase name="supp" time="19.437" classname="review_IN_NC_main.CreateRequest_IN"/>
  <testcase name="select_Req" time="5.410" classname="review_IN_NC_main.CreateRequest_IN"/>
  <testcase name="Create_Req" time="1.893" classname="review_IN_NC_main.CreateRequest_IN"/>
  <testcase name="req_detail" time="10.755" classname="review_IN_NC_main.CreateRequest_IN"/>
  <testcase name="skill_price" time="3.399" classname="review_IN_NC_main.CreateRequest_IN"/>
  <testcase name="skill_Req" time="1.533" classname="review_IN_NC_main.CreateRequest_IN"/>
  <testcase name="alert_check" time="0.000" classname="review_IN_NC_main.CreateRequest_IN"/>
  <testcase name="select_jrss" time="3.896" classname="review_IN_NC_main.CreateRequest_IN"/>
  <testcase name="skill_loc" time="6.202" classname="review_IN_NC_main.CreateRequest_IN"/>
  <testcase name="RIPC_Login" time="54.787" classname="review_IN_NC_main.CreateRequest_IN"/>
</testsuite> <!-- review_IN_NC_main.CreateRequest_IN -->
