<?xml version="1.0" encoding="UTF-8"?>
<!-- Generated by org.testng.reporters.JUnitReportReporter -->
<testsuite hostname="DESKTOP-MEGCP4U" name="review_IN_NC_main.SB_Auth_IN" tests="3" failures="0" timestamp="10 Jan 2022 12:28:48 GMT" time="77.836" errors="0">
  <testcase name="SB_auth" time="9.743" classname="review_IN_NC_main.SB_Auth_IN"/>
  <testcase name="SB_Details" time="11.323" classname="review_IN_NC_main.SB_Auth_IN"/>
  <testcase name="SB_login" time="56.770" classname="review_IN_NC_main.SB_Auth_IN"/>
</testsuite> <!-- review_IN_NC_main.SB_Auth_IN -->
