<?xml version="1.0" encoding="UTF-8"?>
<!-- Generated by org.testng.reporters.JUnitReportReporter -->
<testsuite hostname="DESKTOP-MEGCP4U" name="review_GB_NC_main.ENC_Auth_GB" tests="3" failures="0" timestamp="10 Jan 2022 05:55:36 GMT" time="27.629" errors="0">
  <testcase name="ENC_auth" time="4.469" classname="review_GB_NC_main.ENC_Auth_GB"/>
  <testcase name="ENC_Wlcmpage" time="5.155" classname="review_GB_NC_main.ENC_Auth_GB"/>
  <testcase name="ENC_reqopen" time="18.005" classname="review_GB_NC_main.ENC_Auth_GB"/>
</testsuite> <!-- review_GB_NC_main.ENC_Auth_GB -->
